waterfox-bin E: ELF files outside of a valid path ('opt/').
waterfox-bin W: Referenced library 'libmozsqlite3.so' is an uninstalled dependency (needed in files ['opt/waterfox/gmp-clearkey/0.1/libclearkey.so', 'opt/waterfox/libsoftokn3.so', 'opt/waterfox/libxul.so'])
waterfox-bin W: Referenced library 'libmozwayland.so' is an uninstalled dependency (needed in files ['opt/waterfox/libxul.so'])
waterfox-bin W: Referenced library 'libnspr4.so' is an uninstalled dependency (needed in files ['opt/waterfox/libsoftokn3.so', 'opt/waterfox/libsmime3.so', 'opt/waterfox/libnss3.so', 'opt/waterfox/libnssutil3.so', 'opt/waterfox/libfreeblpriv3.so', 'opt/waterfox/libxul.so', 'opt/waterfox/libplc4.so', 'opt/waterfox/libssl3.so', 'opt/waterfox/libmozsandbox.so', 'opt/waterfox/libplds4.so'])
waterfox-bin W: Referenced library 'libplc4.so' is an uninstalled dependency (needed in files ['opt/waterfox/libsoftokn3.so', 'opt/waterfox/libsmime3.so', 'opt/waterfox/libnss3.so', 'opt/waterfox/libnssutil3.so', 'opt/waterfox/libfreeblpriv3.so', 'opt/waterfox/libxul.so', 'opt/waterfox/libssl3.so', 'opt/waterfox/libmozsandbox.so'])
waterfox-bin W: Referenced library 'libnss3.so' is an uninstalled dependency (needed in files ['opt/waterfox/gmp-clearkey/0.1/libclearkey.so', 'opt/waterfox/libssl3.so', 'opt/waterfox/libxul.so', 'opt/waterfox/libsmime3.so'])
waterfox-bin W: Referenced library 'libmozgtk.so' is an uninstalled dependency (needed in files ['opt/waterfox/libxul.so'])
waterfox-bin W: Referenced library 'libnssutil3.so' is an uninstalled dependency (needed in files ['opt/waterfox/libsoftokn3.so', 'opt/waterfox/libsmime3.so', 'opt/waterfox/libnss3.so', 'opt/waterfox/libxul.so', 'opt/waterfox/gmp-clearkey/0.1/libclearkey.so', 'opt/waterfox/libssl3.so'])
waterfox-bin W: Referenced library 'libgkcodecs.so' is an uninstalled dependency (needed in files ['opt/waterfox/libxul.so', 'opt/waterfox/libmozavutil.so', 'opt/waterfox/libmozavcodec.so'])
waterfox-bin W: Referenced library 'libsmime3.so' is an uninstalled dependency (needed in files ['opt/waterfox/gmp-clearkey/0.1/libclearkey.so', 'opt/waterfox/libxul.so'])
waterfox-bin W: Referenced library 'libmozsandbox.so' is an uninstalled dependency (needed in files ['opt/waterfox/libxul.so'])
waterfox-bin W: Referenced library 'liblgpllibs.so' is an uninstalled dependency (needed in files ['opt/waterfox/libxul.so'])
waterfox-bin W: Referenced library 'libplds4.so' is an uninstalled dependency (needed in files ['opt/waterfox/libsoftokn3.so', 'opt/waterfox/libsmime3.so', 'opt/waterfox/libnss3.so', 'opt/waterfox/libnssutil3.so', 'opt/waterfox/libfreeblpriv3.so', 'opt/waterfox/libxul.so', 'opt/waterfox/libssl3.so', 'opt/waterfox/libmozsandbox.so'])
waterfox-bin W: Referenced library 'libssl3.so' is an uninstalled dependency (needed in files ['opt/waterfox/gmp-clearkey/0.1/libclearkey.so', 'opt/waterfox/libxul.so'])
waterfox-bin W: Referenced library 'libmozavutil.so' is an uninstalled dependency (needed in files ['opt/waterfox/libmozavcodec.so'])
waterfox-bin W: Unused shared library '/usr/lib/libxcb-shm.so.0' by file ('opt/waterfox/glxtest')
waterfox-bin W: Unused shared library '/usr/lib/libX11-xcb.so.1' by file ('opt/waterfox/glxtest')
waterfox-bin W: Unused shared library '/usr/lib/libxcb.so.1' by file ('opt/waterfox/glxtest')
waterfox-bin W: Unused shared library '/usr/lib/libXext.so.6' by file ('opt/waterfox/glxtest')
waterfox-bin W: Unused shared library '/usr/lib/libXcomposite.so.1' by file ('opt/waterfox/glxtest')
waterfox-bin W: Unused shared library '/usr/lib/libXcursor.so.1' by file ('opt/waterfox/glxtest')
waterfox-bin W: Unused shared library '/usr/lib/libXdamage.so.1' by file ('opt/waterfox/glxtest')
waterfox-bin W: Unused shared library '/usr/lib/libXfixes.so.3' by file ('opt/waterfox/glxtest')
waterfox-bin W: Unused shared library '/usr/lib/libXi.so.6' by file ('opt/waterfox/glxtest')
waterfox-bin W: Unused shared library '/usr/lib/libgtk-3.so.0' by file ('opt/waterfox/glxtest')
waterfox-bin W: Unused shared library '/usr/lib/libpangocairo-1.0.so.0' by file ('opt/waterfox/glxtest')
waterfox-bin W: Unused shared library '/usr/lib/libpango-1.0.so.0' by file ('opt/waterfox/glxtest')
waterfox-bin W: Unused shared library '/usr/lib/libatk-1.0.so.0' by file ('opt/waterfox/glxtest')
waterfox-bin W: Unused shared library '/usr/lib/libcairo-gobject.so.2' by file ('opt/waterfox/glxtest')
waterfox-bin W: Unused shared library '/usr/lib/libcairo.so.2' by file ('opt/waterfox/glxtest')
waterfox-bin W: Unused shared library '/usr/lib/libgdk_pixbuf-2.0.so.0' by file ('opt/waterfox/glxtest')
waterfox-bin W: Unused shared library '/usr/lib/libgio-2.0.so.0' by file ('opt/waterfox/glxtest')
waterfox-bin W: Unused shared library '/usr/lib/libgobject-2.0.so.0' by file ('opt/waterfox/glxtest')
waterfox-bin W: Unused shared library '/usr/lib/libglib-2.0.so.0' by file ('opt/waterfox/glxtest')
waterfox-bin W: Unused shared library '/usr/lib/libdl.so.2' by file ('opt/waterfox/glxtest')
waterfox-bin W: Unused shared library '/usr/lib/libm.so.6' by file ('opt/waterfox/glxtest')
waterfox-bin W: Unused shared library '/usr/lib/libgcc_s.so.1' by file ('opt/waterfox/glxtest')
waterfox-bin W: Unused shared library '/usr/lib/libpthread.so.0' by file ('opt/waterfox/glxtest')
waterfox-bin W: Unused shared library '/usr/lib/libm.so.6' by file ('opt/waterfox/gmp-clearkey/0.1/libclearkey.so')
waterfox-bin W: Unused shared library '/usr/lib/libgcc_s.so.1' by file ('opt/waterfox/gmp-clearkey/0.1/libclearkey.so')
waterfox-bin W: Unused shared library '/usr/lib/libpthread.so.0' by file ('opt/waterfox/gmp-clearkey/0.1/libclearkey.so')
waterfox-bin W: Unused shared library '/usr/lib/libpthread.so.0' by file ('opt/waterfox/libfreeblpriv3.so')
waterfox-bin W: Unused shared library '/usr/lib/libdl.so.2' by file ('opt/waterfox/libfreeblpriv3.so')
waterfox-bin W: Unused shared library '/usr/lib/libstdc++.so.6' by file ('opt/waterfox/libgkcodecs.so')
waterfox-bin W: Unused shared library '/usr/lib/libgcc_s.so.1' by file ('opt/waterfox/libgkcodecs.so')
waterfox-bin W: Unused shared library '/usr/lib/libpthread.so.0' by file ('opt/waterfox/libgkcodecs.so')
waterfox-bin W: Unused shared library '/usr/lib/libm.so.6' by file ('opt/waterfox/liblgpllibs.so')
waterfox-bin W: Unused shared library '/usr/lib/libgcc_s.so.1' by file ('opt/waterfox/liblgpllibs.so')
waterfox-bin W: Unused shared library '/usr/lib/libpthread.so.0' by file ('opt/waterfox/liblgpllibs.so')
waterfox-bin W: Unused shared library '/usr/lib/libdl.so.2' by file ('opt/waterfox/libmozavcodec.so')
waterfox-bin W: Unused shared library '/usr/lib/libstdc++.so.6' by file ('opt/waterfox/libmozavcodec.so')
waterfox-bin W: Unused shared library '/usr/lib/libgcc_s.so.1' by file ('opt/waterfox/libmozavcodec.so')
waterfox-bin W: Unused shared library '/usr/lib/libpthread.so.0' by file ('opt/waterfox/libmozavcodec.so')
waterfox-bin W: Unused shared library '/usr/lib/libdl.so.2' by file ('opt/waterfox/libmozavutil.so')
waterfox-bin W: Unused shared library '/usr/lib/libpthread.so.0' by file ('opt/waterfox/libmozavutil.so')
waterfox-bin W: Unused shared library '/usr/lib/libgtk-3.so.0' by file ('opt/waterfox/libmozgtk.so')
waterfox-bin W: Unused shared library '/usr/lib/libpthread.so.0' by file ('opt/waterfox/libmozgtk.so')
waterfox-bin W: Unused shared library '/usr/lib/libdl.so.2' by file ('opt/waterfox/libmozsandbox.so')
waterfox-bin W: Unused shared library '/usr/lib/librt.so.1' by file ('opt/waterfox/libmozsandbox.so')
waterfox-bin W: Unused shared library '/usr/lib/libm.so.6' by file ('opt/waterfox/libmozsandbox.so')
waterfox-bin W: Unused shared library '/usr/lib/libgcc_s.so.1' by file ('opt/waterfox/libmozsandbox.so')
waterfox-bin W: Unused shared library '/usr/lib/libpthread.so.0' by file ('opt/waterfox/libmozsandbox.so')
waterfox-bin W: Unused shared library '/usr/lib/libdl.so.2' by file ('opt/waterfox/libmozsqlite3.so')
waterfox-bin W: Unused shared library '/usr/lib/libpthread.so.0' by file ('opt/waterfox/libmozsqlite3.so')
waterfox-bin W: Unused shared library '/usr/lib/libpthread.so.0' by file ('opt/waterfox/libmozwayland.so')
waterfox-bin W: Unused shared library '/usr/lib/libdl.so.2' by file ('opt/waterfox/libnspr4.so')
waterfox-bin W: Unused shared library '/usr/lib/libpthread.so.0' by file ('opt/waterfox/libnspr4.so')
waterfox-bin W: Unused shared library '/usr/lib/libpthread.so.0' by file ('opt/waterfox/libnss3.so')
waterfox-bin W: Unused shared library '/usr/lib/libdl.so.2' by file ('opt/waterfox/libnss3.so')
waterfox-bin W: Unused shared library '/usr/lib/libpthread.so.0' by file ('opt/waterfox/libnssutil3.so')
waterfox-bin W: Unused shared library '/usr/lib/libdl.so.2' by file ('opt/waterfox/libnssutil3.so')
waterfox-bin W: Unused shared library '/usr/lib/libpthread.so.0' by file ('opt/waterfox/libplc4.so')
waterfox-bin W: Unused shared library '/usr/lib/libpthread.so.0' by file ('opt/waterfox/libplds4.so')
waterfox-bin W: Unused shared library '/usr/lib/libpthread.so.0' by file ('opt/waterfox/libsmime3.so')
waterfox-bin W: Unused shared library '/usr/lib/libdl.so.2' by file ('opt/waterfox/libsmime3.so')
waterfox-bin W: Unused shared library '/usr/lib/libpthread.so.0' by file ('opt/waterfox/libsoftokn3.so')
waterfox-bin W: Unused shared library '/usr/lib/libdl.so.2' by file ('opt/waterfox/libsoftokn3.so')
waterfox-bin W: Unused shared library '/usr/lib/libpthread.so.0' by file ('opt/waterfox/libssl3.so')
waterfox-bin W: Unused shared library '/usr/lib/libdl.so.2' by file ('opt/waterfox/libssl3.so')
waterfox-bin W: Unused shared library '/usr/lib/libresolv.so.2' by file ('opt/waterfox/libxul.so')
waterfox-bin W: Unused shared library '/usr/lib/libdl.so.2' by file ('opt/waterfox/libxul.so')
waterfox-bin W: Unused shared library '/usr/lib/librt.so.1' by file ('opt/waterfox/libxul.so')
waterfox-bin W: Unused shared library '/usr/lib/libXrender.so.1' by file ('opt/waterfox/libxul.so')
waterfox-bin W: Unused shared library '/usr/lib/libpthread.so.0' by file ('opt/waterfox/libxul.so')
waterfox-bin W: Unused shared library '/usr/lib/libXcursor.so.1' by file ('opt/waterfox/libxul.so')
waterfox-bin W: Unused shared library '/usr/lib/libXi.so.6' by file ('opt/waterfox/libxul.so')
waterfox-bin W: Unused shared library '/usr/lib/libgdk-3.so.0' by file ('opt/waterfox/updater')
waterfox-bin W: Unused shared library '/usr/lib/libpangocairo-1.0.so.0' by file ('opt/waterfox/updater')
waterfox-bin W: Unused shared library '/usr/lib/libpango-1.0.so.0' by file ('opt/waterfox/updater')
waterfox-bin W: Unused shared library '/usr/lib/libatk-1.0.so.0' by file ('opt/waterfox/updater')
waterfox-bin W: Unused shared library '/usr/lib/libcairo-gobject.so.2' by file ('opt/waterfox/updater')
waterfox-bin W: Unused shared library '/usr/lib/libcairo.so.2' by file ('opt/waterfox/updater')
waterfox-bin W: Unused shared library '/usr/lib/libgio-2.0.so.0' by file ('opt/waterfox/updater')
waterfox-bin W: Unused shared library '/usr/lib/libm.so.6' by file ('opt/waterfox/updater')
waterfox-bin W: Unused shared library '/usr/lib/libgcc_s.so.1' by file ('opt/waterfox/updater')
waterfox-bin W: Unused shared library '/usr/lib/libpthread.so.0' by file ('opt/waterfox/updater')
waterfox-bin W: Unused shared library '/usr/lib/libdl.so.2' by file ('opt/waterfox/vaapitest')
waterfox-bin W: Unused shared library '/usr/lib/libxcb-shm.so.0' by file ('opt/waterfox/vaapitest')
waterfox-bin W: Unused shared library '/usr/lib/libX11-xcb.so.1' by file ('opt/waterfox/vaapitest')
waterfox-bin W: Unused shared library '/usr/lib/libX11.so.6' by file ('opt/waterfox/vaapitest')
waterfox-bin W: Unused shared library '/usr/lib/libxcb.so.1' by file ('opt/waterfox/vaapitest')
waterfox-bin W: Unused shared library '/usr/lib/libXext.so.6' by file ('opt/waterfox/vaapitest')
waterfox-bin W: Unused shared library '/usr/lib/libXrandr.so.2' by file ('opt/waterfox/vaapitest')
waterfox-bin W: Unused shared library '/usr/lib/libXcomposite.so.1' by file ('opt/waterfox/vaapitest')
waterfox-bin W: Unused shared library '/usr/lib/libXcursor.so.1' by file ('opt/waterfox/vaapitest')
waterfox-bin W: Unused shared library '/usr/lib/libXdamage.so.1' by file ('opt/waterfox/vaapitest')
waterfox-bin W: Unused shared library '/usr/lib/libXfixes.so.3' by file ('opt/waterfox/vaapitest')
waterfox-bin W: Unused shared library '/usr/lib/libXi.so.6' by file ('opt/waterfox/vaapitest')
waterfox-bin W: Unused shared library '/usr/lib/libgtk-3.so.0' by file ('opt/waterfox/vaapitest')
waterfox-bin W: Unused shared library '/usr/lib/libgdk-3.so.0' by file ('opt/waterfox/vaapitest')
waterfox-bin W: Unused shared library '/usr/lib/libpangocairo-1.0.so.0' by file ('opt/waterfox/vaapitest')
waterfox-bin W: Unused shared library '/usr/lib/libpango-1.0.so.0' by file ('opt/waterfox/vaapitest')
waterfox-bin W: Unused shared library '/usr/lib/libatk-1.0.so.0' by file ('opt/waterfox/vaapitest')
waterfox-bin W: Unused shared library '/usr/lib/libcairo-gobject.so.2' by file ('opt/waterfox/vaapitest')
waterfox-bin W: Unused shared library '/usr/lib/libcairo.so.2' by file ('opt/waterfox/vaapitest')
waterfox-bin W: Unused shared library '/usr/lib/libgdk_pixbuf-2.0.so.0' by file ('opt/waterfox/vaapitest')
waterfox-bin W: Unused shared library '/usr/lib/libgio-2.0.so.0' by file ('opt/waterfox/vaapitest')
waterfox-bin W: Unused shared library '/usr/lib/libgobject-2.0.so.0' by file ('opt/waterfox/vaapitest')
waterfox-bin W: Unused shared library '/usr/lib/libglib-2.0.so.0' by file ('opt/waterfox/vaapitest')
waterfox-bin W: Unused shared library '/usr/lib/libm.so.6' by file ('opt/waterfox/vaapitest')
waterfox-bin W: Unused shared library '/usr/lib/libgcc_s.so.1' by file ('opt/waterfox/vaapitest')
waterfox-bin W: Unused shared library '/usr/lib/libpthread.so.0' by file ('opt/waterfox/vaapitest')
waterfox-bin W: Unused shared library '/usr/lib/libdl.so.2' by file ('opt/waterfox/waterfox')
waterfox-bin W: Unused shared library '/usr/lib/libm.so.6' by file ('opt/waterfox/waterfox')
waterfox-bin W: Unused shared library '/usr/lib/libpthread.so.0' by file ('opt/waterfox/waterfox')
waterfox-bin W: Unused shared library '/usr/lib64/ld-linux-x86-64.so.2' by file ('opt/waterfox/waterfox')
waterfox-bin W: Unused shared library '/usr/lib/libdl.so.2' by file ('opt/waterfox/waterfox-bin')
waterfox-bin W: Unused shared library '/usr/lib/libm.so.6' by file ('opt/waterfox/waterfox-bin')
waterfox-bin W: Unused shared library '/usr/lib/libpthread.so.0' by file ('opt/waterfox/waterfox-bin')
waterfox-bin W: Unused shared library '/usr/lib64/ld-linux-x86-64.so.2' by file ('opt/waterfox/waterfox-bin')
waterfox-bin W: Dependency libstdc++ detected and implicitly satisfied (libraries ['usr/lib/libstdc++.so.6'] needed in files ['opt/waterfox/updater', 'opt/waterfox/liblgpllibs.so', 'opt/waterfox/libmozavcodec.so', 'opt/waterfox/waterfox', 'opt/waterfox/glxtest', 'opt/waterfox/libxul.so', 'opt/waterfox/vaapitest', 'opt/waterfox/waterfox-bin', 'opt/waterfox/libgkcodecs.so', 'opt/waterfox/gmp-clearkey/0.1/libclearkey.so', 'opt/waterfox/libmozsandbox.so'])
waterfox-bin W: Dependency libxrandr detected and implicitly satisfied (libraries ['usr/lib/libXrandr.so.2'] needed in files ['opt/waterfox/libxul.so', 'opt/waterfox/vaapitest', 'opt/waterfox/glxtest'])
waterfox-bin W: Dependency libxcb detected and implicitly satisfied (libraries ['usr/lib/libxcb-shm.so.0', 'usr/lib/libxcb.so.1'] needed in files ['opt/waterfox/libxul.so', 'opt/waterfox/vaapitest', 'opt/waterfox/glxtest'])
waterfox-bin W: Dependency libxrender detected and implicitly satisfied (libraries ['usr/lib/libXrender.so.1'] needed in files ['opt/waterfox/libxul.so'])
waterfox-bin W: Dependency dbus detected and implicitly satisfied (libraries ['usr/lib/libdbus-1.so.3'] needed in files ['opt/waterfox/libxul.so'])
waterfox-bin W: Dependency alsa-lib detected but optional (libraries ['usr/lib/libasound.so.2'] needed in files ['opt/waterfox/libxul.so'])
waterfox-bin W: Dependency pango detected and implicitly satisfied (libraries ['usr/lib/libpango-1.0.so.0', 'usr/lib/libpangocairo-1.0.so.0'] needed in files ['opt/waterfox/updater', 'opt/waterfox/glxtest', 'opt/waterfox/libxul.so', 'opt/waterfox/vaapitest'])
waterfox-bin W: Dependency libxext detected and implicitly satisfied (libraries ['usr/lib/libXext.so.6'] needed in files ['opt/waterfox/libxul.so', 'opt/waterfox/vaapitest', 'opt/waterfox/glxtest'])
waterfox-bin W: Dependency gdk-pixbuf2 detected and implicitly satisfied (libraries ['usr/lib/libgdk_pixbuf-2.0.so.0'] needed in files ['opt/waterfox/updater', 'opt/waterfox/libxul.so', 'opt/waterfox/vaapitest', 'opt/waterfox/glxtest'])
waterfox-bin W: Dependency glibc detected and implicitly satisfied (libraries ['usr/lib/libdl.so.2', 'usr/lib/libm.so.6', 'usr/lib/librt.so.1', 'usr/lib/libpthread.so.0', 'usr/lib/libc.so.6', 'usr/lib/libresolv.so.2', 'usr/lib/ld-linux-x86-64.so.2'] needed in files ['opt/waterfox/liblgpllibs.so', 'opt/waterfox/libmozwayland.so', 'opt/waterfox/libnssutil3.so', 'opt/waterfox/libssl3.so', 'opt/waterfox/libmozsandbox.so', 'opt/waterfox/updater', 'opt/waterfox/libsoftokn3.so', 'opt/waterfox/libsmime3.so', 'opt/waterfox/libmozsqlite3.so', 'opt/waterfox/gmp-clearkey/0.1/libclearkey.so', 'opt/waterfox/libplds4.so', 'opt/waterfox/libmozavutil.so', 'opt/waterfox/vaapitest', 'opt/waterfox/libmozgtk.so', 'opt/waterfox/libnspr4.so', 'opt/waterfox/libmozavcodec.so', 'opt/waterfox/libnss3.so', 'opt/waterfox/waterfox', 'opt/waterfox/glxtest', 'opt/waterfox/libfreeblpriv3.so', 'opt/waterfox/libxul.so', 'opt/waterfox/waterfox-bin', 'opt/waterfox/libplc4.so', 'opt/waterfox/libgkcodecs.so'])
waterfox-bin W: Dependency freetype2 detected and implicitly satisfied (libraries ['usr/lib/libfreetype.so.6'] needed in files ['opt/waterfox/libxul.so'])
waterfox-bin W: Dependency fontconfig detected and implicitly satisfied (libraries ['usr/lib/libfontconfig.so.1'] needed in files ['opt/waterfox/libxul.so'])
waterfox-bin W: Dependency libgcc detected and implicitly satisfied (libraries ['usr/lib/libgcc_s.so.1'] needed in files ['opt/waterfox/updater', 'opt/waterfox/liblgpllibs.so', 'opt/waterfox/libmozavcodec.so', 'opt/waterfox/waterfox', 'opt/waterfox/glxtest', 'opt/waterfox/libxul.so', 'opt/waterfox/vaapitest', 'opt/waterfox/waterfox-bin', 'opt/waterfox/libgkcodecs.so', 'opt/waterfox/gmp-clearkey/0.1/libclearkey.so', 'opt/waterfox/libmozsandbox.so'])
waterfox-bin W: Dependency libxdamage detected and implicitly satisfied (libraries ['usr/lib/libXdamage.so.1'] needed in files ['opt/waterfox/libxul.so', 'opt/waterfox/vaapitest', 'opt/waterfox/glxtest'])
waterfox-bin W: Dependency at-spi2-core detected and implicitly satisfied (libraries ['usr/lib/libatk-1.0.so.0'] needed in files ['opt/waterfox/updater', 'opt/waterfox/libxul.so', 'opt/waterfox/vaapitest', 'opt/waterfox/glxtest'])
waterfox-bin W: Dependency cairo detected and implicitly satisfied (libraries ['usr/lib/libcairo.so.2', 'usr/lib/libcairo-gobject.so.2'] needed in files ['opt/waterfox/updater', 'opt/waterfox/glxtest', 'opt/waterfox/libxul.so', 'opt/waterfox/vaapitest'])
waterfox-bin W: Dependency libxi detected and implicitly satisfied (libraries ['usr/lib/libXi.so.6'] needed in files ['opt/waterfox/libxul.so', 'opt/waterfox/vaapitest', 'opt/waterfox/glxtest'])
waterfox-bin W: Dependency glib2 detected and implicitly satisfied (libraries ['usr/lib/libgio-2.0.so.0', 'usr/lib/libglib-2.0.so.0', 'usr/lib/libgobject-2.0.so.0'] needed in files ['opt/waterfox/updater', 'opt/waterfox/glxtest', 'opt/waterfox/libxul.so', 'opt/waterfox/vaapitest'])
waterfox-bin W: Dependency libxcomposite detected and implicitly satisfied (libraries ['usr/lib/libXcomposite.so.1'] needed in files ['opt/waterfox/libxul.so', 'opt/waterfox/vaapitest', 'opt/waterfox/glxtest'])
waterfox-bin W: Dependency libxcursor detected and implicitly satisfied (libraries ['usr/lib/libXcursor.so.1'] needed in files ['opt/waterfox/libxul.so', 'opt/waterfox/vaapitest', 'opt/waterfox/glxtest'])
waterfox-bin W: Dependency libx11 detected and implicitly satisfied (libraries ['usr/lib/libX11.so.6', 'usr/lib/libX11-xcb.so.1'] needed in files ['opt/waterfox/libxul.so', 'opt/waterfox/vaapitest', 'opt/waterfox/glxtest'])
waterfox-bin W: Dependency libxfixes detected and implicitly satisfied (libraries ['usr/lib/libXfixes.so.3'] needed in files ['opt/waterfox/libxul.so', 'opt/waterfox/vaapitest', 'opt/waterfox/glxtest'])
waterfox-bin W: Dependency included, but may not be needed ('libxt')
waterfox-bin W: Dependency included, but may not be needed ('startup-notification')
waterfox-bin W: Dependency included, but may not be needed ('mime-types')
waterfox-bin W: Dependency included, but may not be needed ('dbus-glib')
waterfox-bin W: Dependency included, but may not be needed ('ffmpeg')
waterfox-bin W: Dependency included, but may not be needed ('ttf-font')
